<?xml version="1.0" encoding="UTF-8"?>
<testng-results ignored="0" total="1" passed="1" failed="0" skipped="0">
  <reporter-output>
  </reporter-output>
  <suite started-at="2023-11-23T11:09:55 IST" name="Suite" finished-at="2023-11-23T11:10:14 IST" duration-ms="19214">
    <groups>
    </groups>
    <test started-at="2023-11-23T11:09:55 IST" name="Test" finished-at="2023-11-23T11:10:14 IST" duration-ms="19214">
      <class name="com.w3schools.utils.Reports">
        <test-method is-config="true" signature="startReport()[pri:0, instance:com.w3schools.utils.Reports@1f0f1111]" started-at="2023-11-23T11:09:54 IST" name="startReport" finished-at="2023-11-23T11:09:55 IST" duration-ms="507" status="PASS">
          <reporter-output>
          </reporter-output>
        </test-method> <!-- startReport -->
        <test-method is-config="true" signature="endReport()[pri:0, instance:com.w3schools.utils.Reports@1f0f1111]" started-at="2023-11-23T11:10:14 IST" name="endReport" finished-at="2023-11-23T11:10:16 IST" duration-ms="2495" status="PASS">
          <reporter-output>
          </reporter-output>
        </test-method> <!-- endReport -->
      </class> <!-- com.w3schools.utils.Reports -->
      <class name="com.w3schools.tests.LoginTest">
        <test-method signature="loginWithValidCredentials()[pri:0, instance:com.w3schools.tests.LoginTest@78e117e3]" started-at="2023-11-23T11:09:55 IST" name="loginWithValidCredentials" finished-at="2023-11-23T11:10:14 IST" duration-ms="19155" status="PASS">
          <reporter-output>
          </reporter-output>
        </test-method> <!-- loginWithValidCredentials -->
      </class> <!-- com.w3schools.tests.LoginTest -->
    </test> <!-- Test -->
  </suite> <!-- Suite -->
</testng-results>
