<?xml version="1.0" encoding="UTF-8"?>
<testng-results ignored="0" total="1" passed="1" failed="0" skipped="0">
  <reporter-output>
  </reporter-output>
  <suite started-at="2023-11-23T10:54:52 IST" name="Suite" finished-at="2023-11-23T10:55:11 IST" duration-ms="18973">
    <groups>
    </groups>
    <test started-at="2023-11-23T10:54:52 IST" name="Test" finished-at="2023-11-23T10:55:11 IST" duration-ms="18973">
      <class name="com.w3schools.utils.Reports">
        <test-method is-config="true" signature="startReport()[pri:0, instance:com.w3schools.utils.Reports@5b7a5baa]" started-at="2023-11-23T10:54:51 IST" name="startReport" finished-at="2023-11-23T10:54:52 IST" duration-ms="621" status="PASS">
          <reporter-output>
          </reporter-output>
        </test-method> <!-- startReport -->
        <test-method is-config="true" signature="endReport()[pri:0, instance:com.w3schools.utils.Reports@5b7a5baa]" started-at="2023-11-23T10:55:11 IST" name="endReport" finished-at="2023-11-23T10:55:14 IST" duration-ms="2752" status="PASS">
          <reporter-output>
          </reporter-output>
        </test-method> <!-- endReport -->
      </class> <!-- com.w3schools.utils.Reports -->
      <class name="com.w3schools.tests.LoginTest">
        <test-method signature="loginWithValidCredentials()[pri:0, instance:com.w3schools.tests.LoginTest@2d1ef81a]" started-at="2023-11-23T10:54:52 IST" name="loginWithValidCredentials" finished-at="2023-11-23T10:55:11 IST" duration-ms="18898" status="PASS">
          <reporter-output>
          </reporter-output>
        </test-method> <!-- loginWithValidCredentials -->
      </class> <!-- com.w3schools.tests.LoginTest -->
    </test> <!-- Test -->
  </suite> <!-- Suite -->
</testng-results>
