<?xml version="1.0" encoding="UTF-8"?>
<testng-results ignored="0" total="1" passed="1" failed="0" skipped="0">
  <reporter-output>
  </reporter-output>
  <suite started-at="2023-11-23T11:27:02 IST" name="Suite" finished-at="2023-11-23T11:27:17 IST" duration-ms="14879">
    <groups>
    </groups>
    <test started-at="2023-11-23T11:27:02 IST" name="Test" finished-at="2023-11-23T11:27:17 IST" duration-ms="14879">
      <class name="com.w3schools.utils.Reports">
        <test-method is-config="true" signature="startReport()[pri:0, instance:com.w3schools.utils.Reports@776aec5c]" started-at="2023-11-23T11:27:02 IST" name="startReport" finished-at="2023-11-23T11:27:02 IST" duration-ms="448" status="PASS">
          <reporter-output>
          </reporter-output>
        </test-method> <!-- startReport -->
        <test-method is-config="true" signature="endReport()[pri:0, instance:com.w3schools.utils.Reports@776aec5c]" started-at="2023-11-23T11:27:17 IST" name="endReport" finished-at="2023-11-23T11:27:18 IST" duration-ms="1038" status="PASS">
          <reporter-output>
          </reporter-output>
        </test-method> <!-- endReport -->
      </class> <!-- com.w3schools.utils.Reports -->
      <class name="com.w3schools.tests.LoginTest">
        <test-method signature="loginWithValidCredentials()[pri:0, instance:com.w3schools.tests.LoginTest@4c402120]" started-at="2023-11-23T11:27:02 IST" name="loginWithValidCredentials" finished-at="2023-11-23T11:27:17 IST" duration-ms="14820" status="PASS">
          <reporter-output>
          </reporter-output>
        </test-method> <!-- loginWithValidCredentials -->
      </class> <!-- com.w3schools.tests.LoginTest -->
    </test> <!-- Test -->
  </suite> <!-- Suite -->
</testng-results>
